<?xml version="1.0" encoding="UTF-8"?>
<testng-results skipped="0" failed="0" total="5" passed="5">
  <reporter-output>
  </reporter-output>
  <suite name="Default suite" duration-ms="50137" started-at="2019-09-21T18:05:26Z" finished-at="2019-09-21T18:06:16Z">
    <groups>
    </groups>
    <test name="Default test" duration-ms="50137" started-at="2019-09-21T18:05:26Z" finished-at="2019-09-21T18:06:16Z">
      <class name="allhomepagefuctions.Home_Page">
        <test-method status="PASS" signature="driver_start()[pri:0, instance:allhomepagefuctions.Home_Page@8bd1b6a]" name="driver_start" is-config="true" duration-ms="15791" started-at="2019-09-21T23:35:26Z" finished-at="2019-09-21T23:35:42Z">
          <reporter-output>
          </reporter-output>
        </test-method> <!-- driver_start -->
        <test-method status="PASS" signature="wait_Time()[pri:0, instance:allhomepagefuctions.Home_Page@8bd1b6a]" name="wait_Time" is-config="true" duration-ms="18" started-at="2019-09-21T23:35:42Z" finished-at="2019-09-21T23:35:42Z">
          <reporter-output>
          </reporter-output>
        </test-method> <!-- wait_Time -->
        <test-method status="PASS" signature="features()[pri:0, instance:allhomepagefuctions.Home_Page@8bd1b6a]" name="features" duration-ms="12685" started-at="2019-09-21T23:35:42Z" finished-at="2019-09-21T23:35:54Z">
          <reporter-output>
          </reporter-output>
        </test-method> <!-- features -->
        <test-method status="PASS" signature="wait_Time()[pri:0, instance:allhomepagefuctions.Home_Page@8bd1b6a]" name="wait_Time" is-config="true" duration-ms="34" started-at="2019-09-21T23:35:54Z" finished-at="2019-09-21T23:35:54Z">
          <reporter-output>
          </reporter-output>
        </test-method> <!-- wait_Time -->
        <test-method status="PASS" signature="solutions()[pri:1, instance:allhomepagefuctions.Home_Page@8bd1b6a]" name="solutions" duration-ms="8476" started-at="2019-09-21T23:35:54Z" finished-at="2019-09-21T23:36:03Z">
          <reporter-output>
          </reporter-output>
        </test-method> <!-- solutions -->
        <test-method status="PASS" signature="wait_Time()[pri:0, instance:allhomepagefuctions.Home_Page@8bd1b6a]" name="wait_Time" is-config="true" duration-ms="46" started-at="2019-09-21T23:36:03Z" finished-at="2019-09-21T23:36:03Z">
          <reporter-output>
          </reporter-output>
        </test-method> <!-- wait_Time -->
        <test-method status="PASS" signature="why_us()[pri:2, instance:allhomepagefuctions.Home_Page@8bd1b6a]" name="why_us" duration-ms="2314" started-at="2019-09-21T23:36:03Z" finished-at="2019-09-21T23:36:05Z">
          <reporter-output>
          </reporter-output>
        </test-method> <!-- why_us -->
        <test-method status="PASS" signature="wait_Time()[pri:0, instance:allhomepagefuctions.Home_Page@8bd1b6a]" name="wait_Time" is-config="true" duration-ms="31" started-at="2019-09-21T23:36:05Z" finished-at="2019-09-21T23:36:05Z">
          <reporter-output>
          </reporter-output>
        </test-method> <!-- wait_Time -->
        <test-method status="PASS" signature="contact_us()[pri:3, instance:allhomepagefuctions.Home_Page@8bd1b6a]" name="contact_us" duration-ms="2239" started-at="2019-09-21T23:36:05Z" finished-at="2019-09-21T23:36:08Z">
          <reporter-output>
          </reporter-output>
        </test-method> <!-- contact_us -->
        <test-method status="PASS" signature="wait_Time()[pri:0, instance:allhomepagefuctions.Home_Page@8bd1b6a]" name="wait_Time" is-config="true" duration-ms="8" started-at="2019-09-21T23:36:08Z" finished-at="2019-09-21T23:36:08Z">
          <reporter-output>
          </reporter-output>
        </test-method> <!-- wait_Time -->
        <test-method status="PASS" signature="more()[pri:4, instance:allhomepagefuctions.Home_Page@8bd1b6a]" name="more" duration-ms="7527" started-at="2019-09-21T23:36:08Z" finished-at="2019-09-21T23:36:15Z">
          <reporter-output>
          </reporter-output>
        </test-method> <!-- more -->
        <test-method status="PASS" signature="tear_down()[pri:0, instance:allhomepagefuctions.Home_Page@8bd1b6a]" name="tear_down" is-config="true" duration-ms="942" started-at="2019-09-21T23:36:15Z" finished-at="2019-09-21T23:36:16Z">
          <reporter-output>
          </reporter-output>
        </test-method> <!-- tear_down -->
      </class> <!-- allhomepagefuctions.Home_Page -->
    </test> <!-- Default test -->
  </suite> <!-- Default suite -->
</testng-results>
