<?xml version="1.0" encoding="UTF-8"?>
<!-- Generated by org.testng.reporters.JUnitXMLReporter -->
<testsuite hostname="DESKTOP-QF66LGP" name="Default test" tests="5" failures="0" timestamp="21 Sep 2019 18:06:16 GMT" time="50.137" errors="0">
  <testcase name="features" time="12.685" classname="allhomepagefuctions.Home_Page"/>
  <testcase name="solutions" time="8.476" classname="allhomepagefuctions.Home_Page"/>
  <testcase name="why_us" time="2.314" classname="allhomepagefuctions.Home_Page"/>
  <testcase name="contact_us" time="2.239" classname="allhomepagefuctions.Home_Page"/>
  <testcase name="more" time="7.527" classname="allhomepagefuctions.Home_Page"/>
</testsuite> <!-- Default test -->
